INFO 2022-04-15 11:15:48,928 autoreload 4596 4438162944 Watching for file changes with StatReloader
INFO 2022-04-15 11:15:51,611 basehttp 4596 123145548087296 "GET /news/category/5/ HTTP/1.1" 200 15333
INFO 2022-04-15 11:15:54,467 basehttp 4596 123145548087296 "GET /news/category/7/ HTTP/1.1" 200 17423
INFO 2022-04-15 11:15:56,049 basehttp 4596 123145548087296 "GET /news/news/25/ HTTP/1.1" 200 15039
INFO 2022-04-15 11:17:01,035 autoreload 4596 4438162944 /Users/macbookpro/Desktop/website_lev3/urba_web/urba_web/settings.py changed, reloading.
INFO 2022-04-15 11:18:01,636 autoreload 4657 4717854208 Watching for file changes with StatReloader
INFO 2022-04-15 11:18:05,380 basehttp 4657 123145508782080 "GET /news/category/9/ HTTP/1.1" 200 15580
INFO 2022-04-15 11:18:06,577 basehttp 4657 123145508782080 "GET /news/category/7/ HTTP/1.1" 200 17423
INFO 2022-04-15 11:18:08,010 basehttp 4657 123145508782080 "GET /news/category/5/ HTTP/1.1" 200 15333
INFO 2022-04-15 11:29:05,934 autoreload 4657 4717854208 /Users/macbookpro/Desktop/website_lev3/urba_web/home/views.py changed, reloading.
INFO 2022-04-15 11:29:09,611 autoreload 4741 4548001280 Watching for file changes with StatReloader
INFO 2022-04-15 11:35:27,594 basehttp 4741 123145528090624 "GET / HTTP/1.1" 200 17532
INFO 2022-04-15 11:35:34,755 basehttp 4741 123145528090624 "GET /admin/ HTTP/1.1" 200 18627
INFO 2022-04-15 11:35:35,469 basehttp 4741 123145544880128 "GET /static/admin/css/dashboard.css HTTP/1.1" 200 380
INFO 2022-04-15 11:35:36,033 basehttp 4741 123145528090624 "GET /admin/ HTTP/1.1" 200 18627
INFO 2022-04-15 11:35:36,159 basehttp 4741 123145544880128 "GET /static/admin/img/icon-changelink.svg HTTP/1.1" 200 380
INFO 2022-04-15 11:35:36,163 basehttp 4741 123145544880128 "GET /static/admin/img/icon-deletelink.svg HTTP/1.1" 200 392
INFO 2022-04-15 11:35:36,174 basehttp 4741 123145528090624 "GET /static/admin/img/icon-addlink.svg HTTP/1.1" 200 331
INFO 2022-04-15 11:35:39,938 basehttp 4741 123145528090624 "GET /admin/auth/group/ HTTP/1.1" 200 17030
INFO 2022-04-15 11:35:39,983 basehttp 4741 123145528090624 "GET /static/admin/css/changelists.css HTTP/1.1" 200 6932
INFO 2022-04-15 11:35:40,008 basehttp 4741 123145528090624 "GET /static/admin/js/jquery.init.js HTTP/1.1" 200 347
INFO 2022-04-15 11:35:40,024 basehttp 4741 123145528090624 "GET /static/admin/js/actions.js HTTP/1.1" 200 7872
INFO 2022-04-15 11:35:40,031 basehttp 4741 123145595248640 "GET /static/admin/js/admin/RelatedObjectLookups.js HTTP/1.1" 200 5984
INFO 2022-04-15 11:35:40,038 basehttp 4741 123145528090624 "GET /static/admin/js/prepopulate.js HTTP/1.1" 200 1531
INFO 2022-04-15 11:35:40,043 basehttp 4741 123145578459136 "GET /static/admin/js/core.js HTTP/1.1" 200 5698
INFO 2022-04-15 11:35:40,050 basehttp 4741 123145561669632 "GET /static/admin/js/vendor/jquery/jquery.js HTTP/1.1" 200 288580
INFO 2022-04-15 11:35:40,054 basehttp 4741 123145612038144 "GET /static/admin/js/urlify.js HTTP/1.1" 200 7902
INFO 2022-04-15 11:35:40,066 basehttp 4741 123145595248640 "GET /static/admin/js/vendor/xregexp/xregexp.js HTTP/1.1" 200 232381
INFO 2022-04-15 11:35:40,091 basehttp 4741 123145595248640 "GET /static/admin/img/search.svg HTTP/1.1" 200 458
INFO 2022-04-15 11:35:40,200 basehttp 4741 123145544880128 "GET /admin/jsi18n/ HTTP/1.1" 200 15618
INFO 2022-04-15 11:35:40,246 basehttp 4741 123145544880128 "GET /static/admin/img/tooltag-add.svg HTTP/1.1" 200 331
INFO 2022-04-15 11:35:42,264 basehttp 4741 123145544880128 "GET /admin/auth/user/ HTTP/1.1" 200 21324
INFO 2022-04-15 11:35:42,334 basehttp 4741 123145595248640 "GET /static/admin/img/icon-no.svg HTTP/1.1" 200 560
INFO 2022-04-15 11:35:42,375 basehttp 4741 123145595248640 "GET /static/admin/img/icon-yes.svg HTTP/1.1" 200 436
INFO 2022-04-15 11:35:42,490 basehttp 4741 123145544880128 "GET /admin/jsi18n/ HTTP/1.1" 200 15618
INFO 2022-04-15 11:35:42,552 basehttp 4741 123145544880128 "GET /static/admin/img/sorting-icons.svg HTTP/1.1" 200 1097
INFO 2022-04-15 11:35:50,541 basehttp 4741 123145544880128 "GET /admin/auth/user/1/change/ HTTP/1.1" 200 29746
INFO 2022-04-15 11:35:50,588 basehttp 4741 123145544880128 "GET /static/admin/css/forms.css HTTP/1.1" 200 8878
INFO 2022-04-15 11:35:50,596 basehttp 4741 123145544880128 "GET /static/admin/js/calendar.js HTTP/1.1" 200 8466
INFO 2022-04-15 11:35:50,599 basehttp 4741 123145561669632 "GET /static/admin/js/SelectBox.js HTTP/1.1" 200 4360
INFO 2022-04-15 11:35:50,601 basehttp 4741 123145612038144 "GET /static/admin/js/admin/DateTimeShortcuts.js HTTP/1.1" 200 19634
INFO 2022-04-15 11:35:50,621 basehttp 4741 123145561669632 "GET /static/admin/js/SelectFilter2.js HTTP/1.1" 200 12350
INFO 2022-04-15 11:35:50,641 basehttp 4741 123145612038144 "GET /static/admin/css/widgets.css HTTP/1.1" 200 11097
INFO 2022-04-15 11:35:50,658 basehttp 4741 123145612038144 "GET /static/admin/js/prepopulate_init.js HTTP/1.1" 200 492
INFO 2022-04-15 11:35:50,670 basehttp 4741 123145612038144 "GET /static/admin/js/change_form.js HTTP/1.1" 200 606
INFO 2022-04-15 11:35:50,860 basehttp 4741 123145595248640 "GET /admin/jsi18n/ HTTP/1.1" 200 15618
INFO 2022-04-15 11:35:50,990 basehttp 4741 123145595248640 "GET /static/admin/img/icon-unknown.svg HTTP/1.1" 200 655
INFO 2022-04-15 11:35:50,997 basehttp 4741 123145612038144 "GET /static/admin/img/icon-unknown-alt.svg HTTP/1.1" 200 655
INFO 2022-04-15 11:35:51,010 basehttp 4741 123145612038144 "GET /static/admin/img/icon-calendar.svg HTTP/1.1" 200 1086
INFO 2022-04-15 11:35:51,011 basehttp 4741 123145561669632 "GET /static/admin/img/icon-clock.svg HTTP/1.1" 200 677
INFO 2022-04-15 11:35:51,014 basehttp 4741 123145595248640 "GET /static/admin/img/selector-icons.svg HTTP/1.1" 200 3291
INFO 2022-04-15 11:35:58,747 basehttp 4741 123145561669632 "GET /admin/home/category/ HTTP/1.1" 200 19978
INFO 2022-04-15 11:35:58,948 basehttp 4741 123145561669632 "GET /admin/jsi18n/ HTTP/1.1" 200 15618
INFO 2022-04-15 11:36:05,409 basehttp 4741 123145561669632 "GET /admin/auth/group/ HTTP/1.1" 200 17030
INFO 2022-04-15 11:36:05,603 basehttp 4741 123145561669632 "GET /admin/jsi18n/ HTTP/1.1" 200 15618
INFO 2022-04-15 11:36:07,684 basehttp 4741 123145561669632 "GET /admin/home/news_columns/ HTTP/1.1" 200 26641
INFO 2022-04-15 11:36:07,971 basehttp 4741 123145612038144 "GET /media/photos/2022/04/07/images.png HTTP/1.1" 200 5124
INFO 2022-04-15 11:36:07,980 basehttp 4741 123145561669632 "GET /admin/jsi18n/ HTTP/1.1" 200 15618
INFO 2022-04-15 11:36:12,625 basehttp 4741 123145612038144 "GET /admin/home/news_columns/add/ HTTP/1.1" 200 23652
INFO 2022-04-15 11:36:12,690 basehttp 4741 123145561669632 "GET /static/ckeditor/ckeditor-init.js HTTP/1.1" 200 1498
INFO 2022-04-15 11:36:12,728 basehttp 4741 123145595248640 "GET /static/ckeditor/ckeditor/ckeditor.js HTTP/1.1" 200 753458
INFO 2022-04-15 11:36:12,866 basehttp 4741 123145612038144 "GET /admin/jsi18n/ HTTP/1.1" 200 15618
INFO 2022-04-15 11:36:13,208 basehttp 4741 123145612038144 "GET /static/ckeditor/ckeditor/config.js?t=M2G9 HTTP/1.1" 200 336
INFO 2022-04-15 11:36:13,425 basehttp 4741 123145612038144 "GET /static/ckeditor/ckeditor/skins/moono-lisa/editor.css?t=M2G9 HTTP/1.1" 200 48309
INFO 2022-04-15 11:36:13,431 basehttp 4741 123145595248640 "GET /static/ckeditor/ckeditor/lang/ru.js?t=M2G9 HTTP/1.1" 200 27350
INFO 2022-04-15 11:36:13,460 basehttp 4741 123145595248640 "GET /static/ckeditor/ckeditor/styles.js?t=M2G9 HTTP/1.1" 200 5577
INFO 2022-04-15 11:36:13,474 basehttp 4741 123145595248640 "GET /static/ckeditor/ckeditor/plugins/scayt/skins/moono-lisa/scayt.css?t=M2G9 HTTP/1.1" 200 381
INFO 2022-04-15 11:36:13,482 basehttp 4741 123145595248640 "GET /static/ckeditor/ckeditor/plugins/scayt/dialogs/dialog.css?t=M2G9 HTTP/1.1" 200 419
INFO 2022-04-15 11:36:13,483 basehttp 4741 123145612038144 "GET /static/ckeditor/ckeditor/plugins/tableselection/styles/tableselection.css?t=M2G9 HTTP/1.1" 200 1145
INFO 2022-04-15 11:36:13,486 basehttp 4741 123145595248640 "GET /static/ckeditor/ckeditor/plugins/dialog/styles/dialog.css?t=M2G9 HTTP/1.1" 200 249
INFO 2022-04-15 11:36:13,499 basehttp 4741 123145595248640 "GET /static/ckeditor/ckeditor/plugins/copyformatting/styles/copyformatting.css?t=M2G9 HTTP/1.1" 200 1511
INFO 2022-04-15 11:36:13,548 basehttp 4741 123145595248640 "GET /static/ckeditor/ckeditor/skins/moono-lisa/icons_hidpi.png?t=5fe059002f HTTP/1.1" 200 38309
INFO 2022-04-15 11:36:13,589 basehttp 4741 123145595248640 "GET /static/ckeditor/ckeditor/contents.css?t=M2G9 HTTP/1.1" 200 3092
INFO 2022-04-15 11:36:33,479 basehttp 4741 123145595248640 "GET /static/ckeditor/ckeditor/plugins/link/dialogs/link.js?t=M2G9 HTTP/1.1" 200 13234
INFO 2022-04-15 11:36:33,489 basehttp 4741 123145612038144 "GET /static/ckeditor/ckeditor/skins/moono-lisa/dialog.css?t=M2G9 HTTP/1.1" 200 13634
INFO 2022-04-15 11:36:33,552 basehttp 4741 123145612038144 "GET /static/ckeditor/ckeditor/skins/moono-lisa/images/hidpi/close.png HTTP/1.1" 200 1238
